{
  "stats": {
    "suites": 0,
    "tests": 0,
    "passes": 0,
    "pending": 0,
    "failures": 0,
    "start": "2019-09-20T15:48:54.598Z",
    "end": "2019-09-20T15:48:54.606Z",
    "duration": 8,
    "testsRegistered": 0,
    "passPercent": null,
    "pendingPercent": null,
    "other": 0,
    "hasOther": false,
    "skipped": 0,
    "hasSkipped": false
  },
  "results": [
    false
  ],
  "meta": {
    "mocha": {
      "version": "6.2.0"
    },
    "mochawesome": {
      "options": {
        "quiet": false,
        "reportFilename": "mocha-MMP",
        "saveHtml": true,
        "saveJson": true,
        "consoleReporter": "spec",
        "useInlineDiffs": false
      },
      "version": "4.1.0"
    },
    "marge": {
      "options": {
        "reportDir": "./spec/mochawesome-report",
        "reportFilename": "mocha-MMP",
        "reportTitle": "mocha-MMP",
        "reportPageTitle": "\"MMP-Report\"",
        "overwrite": "true"
      },
      "version": "4.0.1"
    }
  }
}